`timescale 1ns/1ns

module sch ();
// generated by  HDL Direct 16.5-S048 (v16-5-13DK) 9/23/2013
// on Fri Jan 22 17:08:23 2016
// from usb2iterface_lib/SCH/sch_1

// begin instances 

  \atsam3u1cb-au  page1_i1  (.gnd1(/* unconnected */),
	.gnd2(/* unconnected */),
	.gnd3(/* unconnected */),
	.gndana(/* unconnected */),
	.gndbu(/* unconnected */),
	.gndpll(/* unconnected */),
	.gndutmi(/* unconnected */),
	.vbg(/* unconnected */),
	.vddana(/* unconnected */),
	.vddbu(/* unconnected */),
	.vddcore1(/* unconnected */),
	.vddcore2(/* unconnected */),
	.vddcore3(/* unconnected */),
	.vddcore4(/* unconnected */),
	.vddcore5(/* unconnected */),
	.vddin(/* unconnected */),
	.vddio1(/* unconnected */),
	.vddio2(/* unconnected */),
	.vddio3(/* unconnected */),
	.vddio4(/* unconnected */),
	.vddout(/* unconnected */),
	.vddpll(/* unconnected */),
	.vddutmi(/* unconnected */),
	.ad12bvref(/* unconnected */),
	.advref(/* unconnected */),
	.dfsdm(/* unconnected */),
	.dfsdp(/* unconnected */),
	.dhsdm(/* unconnected */),
	.dhsdp(/* unconnected */),
	.erase(/* unconnected */),
	.fwup(/* unconnected */),
	.jtagsel(/* unconnected */),
	.nrst(/* unconnected */),
	.nrstb(/* unconnected */),
	.\pa0/pgmncmd (/* unconnected */),
	.\pa1/pgmrdy (/* unconnected */),
	.\pa2/pgmnoe (/* unconnected */),
	.\pa3/pgmnvalid (/* unconnected */),
	.\pa4/pgmm0 (/* unconnected */),
	.\pa5/pgmm1 (/* unconnected */),
	.\pa6/pgmm2 (/* unconnected */),
	.\pa7/pgmm3 (/* unconnected */),
	.\pa8/pgmd0 (/* unconnected */),
	.\pa9/pgmd1 (/* unconnected */),
	.\pa10/pgmd2 (/* unconnected */),
	.\pa11/pgmd3 (/* unconnected */),
	.\pa12/pgmd4 (/* unconnected */),
	.\pa13/pgmd5 (/* unconnected */),
	.\pa14/pgmd6 (/* unconnected */),
	.\pa15/pgmd7 (/* unconnected */),
	.\pa16/pgmd8 (/* unconnected */),
	.\pa17/pgmd9 (/* unconnected */),
	.\pa18/pgmd10 (/* unconnected */),
	.\pa19/pgmd11 (/* unconnected */),
	.\pa20/pgmd12 (/* unconnected */),
	.\pa21/pgmd13 (/* unconnected */),
	.\pa22/pgmd14 (/* unconnected */),
	.\pa23/pgmd15 (/* unconnected */),
	.pa24(/* unconnected */),
	.pa25(/* unconnected */),
	.pa26(/* unconnected */),
	.pa27(/* unconnected */),
	.pa28(/* unconnected */),
	.pa29(/* unconnected */),
	.pa30(/* unconnected */),
	.pa31(/* unconnected */),
	.pb0(/* unconnected */),
	.pb1(/* unconnected */),
	.pb2(/* unconnected */),
	.pb3(/* unconnected */),
	.pb4(/* unconnected */),
	.pb5(/* unconnected */),
	.pb6(/* unconnected */),
	.pb7(/* unconnected */),
	.pb8(/* unconnected */),
	.pb9(/* unconnected */),
	.pb10(/* unconnected */),
	.pb11(/* unconnected */),
	.pb12(/* unconnected */),
	.pb13(/* unconnected */),
	.pb14(/* unconnected */),
	.pb15(/* unconnected */),
	.pb16(/* unconnected */),
	.pb17(/* unconnected */),
	.pb18(/* unconnected */),
	.pb19(/* unconnected */),
	.pb20(/* unconnected */),
	.pb21(/* unconnected */),
	.pb22(/* unconnected */),
	.pb23(/* unconnected */),
	.pb24(/* unconnected */),
	.\tck/swclk (/* unconnected */),
	.tdi(/* unconnected */),
	.\tdo/traceswo (/* unconnected */),
	.\tms/swdio (/* unconnected */),
	.tst(/* unconnected */),
	.xin(/* unconnected */),
	.xin32(/* unconnected */),
	.xout(/* unconnected */),
	.xout32(/* unconnected */));

  \atsam3u1cb-au  page1_i2  (.\pa0/pgmncmd (/* unconnected */),
	.\pa1/pgmrdy (/* unconnected */),
	.\pa2/pgmnoe (/* unconnected */),
	.\pa3/pgmnvalid (/* unconnected */),
	.\pa4/pgmm0 (/* unconnected */),
	.\pa5/pgmm1 (/* unconnected */),
	.\pa6/pgmm2 (/* unconnected */),
	.\pa7/pgmm3 (/* unconnected */),
	.\pa8/pgmd0 (/* unconnected */),
	.\pa9/pgmd1 (/* unconnected */),
	.\pa10/pgmd2 (/* unconnected */),
	.\pa11/pgmd3 (/* unconnected */),
	.\pa12/pgmd4 (/* unconnected */),
	.\pa13/pgmd5 (/* unconnected */),
	.\pa14/pgmd6 (/* unconnected */),
	.\pa15/pgmd7 (/* unconnected */),
	.\pa16/pgmd8 (/* unconnected */),
	.\pa17/pgmd9 (/* unconnected */),
	.\pa18/pgmd10 (/* unconnected */),
	.\pa19/pgmd11 (/* unconnected */),
	.\pa20/pgmd12 (/* unconnected */),
	.\pa21/pgmd13 (/* unconnected */),
	.\pa22/pgmd14 (/* unconnected */),
	.\pa23/pgmd15 (/* unconnected */),
	.pa24(/* unconnected */),
	.pa25(/* unconnected */),
	.pa26(/* unconnected */),
	.pa27(/* unconnected */),
	.pa28(/* unconnected */),
	.pa29(/* unconnected */),
	.pa30(/* unconnected */),
	.pa31(/* unconnected */),
	.pb0(/* unconnected */),
	.pb1(/* unconnected */),
	.pb2(/* unconnected */),
	.pb3(/* unconnected */),
	.pb4(/* unconnected */),
	.pb5(/* unconnected */),
	.pb6(/* unconnected */),
	.pb7(/* unconnected */),
	.pb8(/* unconnected */),
	.pb9(/* unconnected */),
	.pb10(/* unconnected */),
	.pb11(/* unconnected */),
	.pb12(/* unconnected */),
	.pb13(/* unconnected */),
	.pb14(/* unconnected */),
	.pb15(/* unconnected */),
	.pb16(/* unconnected */),
	.pb17(/* unconnected */),
	.pb18(/* unconnected */),
	.pb19(/* unconnected */),
	.pb20(/* unconnected */),
	.pb21(/* unconnected */),
	.pb22(/* unconnected */),
	.pb23(/* unconnected */),
	.pb24(/* unconnected */),
	.ad12bvref(/* unconnected */),
	.advref(/* unconnected */),
	.dfsdm(/* unconnected */),
	.dfsdp(/* unconnected */),
	.dhsdm(/* unconnected */),
	.dhsdp(/* unconnected */),
	.erase(/* unconnected */),
	.fwup(/* unconnected */),
	.gnd1(/* unconnected */),
	.gnd2(/* unconnected */),
	.gnd3(/* unconnected */),
	.gndana(/* unconnected */),
	.gndbu(/* unconnected */),
	.gndpll(/* unconnected */),
	.gndutmi(/* unconnected */),
	.jtagsel(/* unconnected */),
	.nrst(/* unconnected */),
	.nrstb(/* unconnected */),
	.\tck/swclk (/* unconnected */),
	.tdi(/* unconnected */),
	.\tdo/traceswo (/* unconnected */),
	.\tms/swdio (/* unconnected */),
	.tst(/* unconnected */),
	.vbg(/* unconnected */),
	.vddana(/* unconnected */),
	.vddbu(/* unconnected */),
	.vddcore1(/* unconnected */),
	.vddcore2(/* unconnected */),
	.vddcore3(/* unconnected */),
	.vddcore4(/* unconnected */),
	.vddcore5(/* unconnected */),
	.vddin(/* unconnected */),
	.vddio1(/* unconnected */),
	.vddio2(/* unconnected */),
	.vddio3(/* unconnected */),
	.vddio4(/* unconnected */),
	.vddout(/* unconnected */),
	.vddpll(/* unconnected */),
	.vddutmi(/* unconnected */),
	.xin(/* unconnected */),
	.xin32(/* unconnected */),
	.xout(/* unconnected */),
	.xout32(/* unconnected */));

  \atsam3u1cb-au  page1_i3  (.ad12bvref(/* unconnected */),
	.advref(/* unconnected */),
	.dfsdm(/* unconnected */),
	.dfsdp(/* unconnected */),
	.dhsdm(/* unconnected */),
	.dhsdp(/* unconnected */),
	.erase(/* unconnected */),
	.fwup(/* unconnected */),
	.jtagsel(/* unconnected */),
	.nrst(/* unconnected */),
	.nrstb(/* unconnected */),
	.\tck/swclk (/* unconnected */),
	.tdi(/* unconnected */),
	.\tdo/traceswo (/* unconnected */),
	.\tms/swdio (/* unconnected */),
	.tst(/* unconnected */),
	.xin(/* unconnected */),
	.xin32(/* unconnected */),
	.xout(/* unconnected */),
	.xout32(/* unconnected */),
	.gnd1(/* unconnected */),
	.gnd2(/* unconnected */),
	.gnd3(/* unconnected */),
	.gndana(/* unconnected */),
	.gndbu(/* unconnected */),
	.gndpll(/* unconnected */),
	.gndutmi(/* unconnected */),
	.\pa0/pgmncmd (/* unconnected */),
	.\pa1/pgmrdy (/* unconnected */),
	.\pa2/pgmnoe (/* unconnected */),
	.\pa3/pgmnvalid (/* unconnected */),
	.\pa4/pgmm0 (/* unconnected */),
	.\pa5/pgmm1 (/* unconnected */),
	.\pa6/pgmm2 (/* unconnected */),
	.\pa7/pgmm3 (/* unconnected */),
	.\pa8/pgmd0 (/* unconnected */),
	.\pa9/pgmd1 (/* unconnected */),
	.\pa10/pgmd2 (/* unconnected */),
	.\pa11/pgmd3 (/* unconnected */),
	.\pa12/pgmd4 (/* unconnected */),
	.\pa13/pgmd5 (/* unconnected */),
	.\pa14/pgmd6 (/* unconnected */),
	.\pa15/pgmd7 (/* unconnected */),
	.\pa16/pgmd8 (/* unconnected */),
	.\pa17/pgmd9 (/* unconnected */),
	.\pa18/pgmd10 (/* unconnected */),
	.\pa19/pgmd11 (/* unconnected */),
	.\pa20/pgmd12 (/* unconnected */),
	.\pa21/pgmd13 (/* unconnected */),
	.\pa22/pgmd14 (/* unconnected */),
	.\pa23/pgmd15 (/* unconnected */),
	.pa24(/* unconnected */),
	.pa25(/* unconnected */),
	.pa26(/* unconnected */),
	.pa27(/* unconnected */),
	.pa28(/* unconnected */),
	.pa29(/* unconnected */),
	.pa30(/* unconnected */),
	.pa31(/* unconnected */),
	.pb0(/* unconnected */),
	.pb1(/* unconnected */),
	.pb2(/* unconnected */),
	.pb3(/* unconnected */),
	.pb4(/* unconnected */),
	.pb5(/* unconnected */),
	.pb6(/* unconnected */),
	.pb7(/* unconnected */),
	.pb8(/* unconnected */),
	.pb9(/* unconnected */),
	.pb10(/* unconnected */),
	.pb11(/* unconnected */),
	.pb12(/* unconnected */),
	.pb13(/* unconnected */),
	.pb14(/* unconnected */),
	.pb15(/* unconnected */),
	.pb16(/* unconnected */),
	.pb17(/* unconnected */),
	.pb18(/* unconnected */),
	.pb19(/* unconnected */),
	.pb20(/* unconnected */),
	.pb21(/* unconnected */),
	.pb22(/* unconnected */),
	.pb23(/* unconnected */),
	.pb24(/* unconnected */),
	.vbg(/* unconnected */),
	.vddana(/* unconnected */),
	.vddbu(/* unconnected */),
	.vddcore1(/* unconnected */),
	.vddcore2(/* unconnected */),
	.vddcore3(/* unconnected */),
	.vddcore4(/* unconnected */),
	.vddcore5(/* unconnected */),
	.vddin(/* unconnected */),
	.vddio1(/* unconnected */),
	.vddio2(/* unconnected */),
	.vddio3(/* unconnected */),
	.vddio4(/* unconnected */),
	.vddout(/* unconnected */),
	.vddpll(/* unconnected */),
	.vddutmi(/* unconnected */));

endmodule // sch(sch_1) 
