	(Comment
		(Time 01/22/16,16:14:05)
		(User jyzhiyu)
		(MsgId ECO_021)
		(Text "Package ATSAM3U1CB-AU added to cell")
		(Param1 ATSAM3U1CB-AU)
	)
	(Comment
		(Time 01/22/16,16:21:56)
		(User jyzhiyu)
		(MsgId ECO_081)
		(Text "Symbol sym_1 added to cell")
		(Param1 sym_1)
	)
	(Comment
		(Time 01/22/16,16:22:18)
		(User jyzhiyu)
		(MsgId ECO_081)
		(Text "Symbol sym_2 added to cell")
		(Param1 sym_2)
	)
	(Comment
		(Time 01/22/16,16:22:21)
		(User jyzhiyu)
		(MsgId ECO_081)
		(Text "Symbol sym_3 added to cell")
		(Param1 sym_3)
	)
